<?xml version="1.0" encoding="UTF-8"?>
<testsuite xmlns:xsi="http://www.w3.org/2001/XMLSchema-instance" xsi:noNamespaceSchemaLocation="https://maven.apache.org/surefire/maven-surefire-plugin/xsd/surefire-test-report-3.0.xsd" version="3.0" name="TestRunner.TestRunner" time="181.392" tests="6" errors="0" skipped="0" failures="0">
  <properties>
    <property name="java.specification.version" value="17"/>
    <property name="sun.cpu.isalist" value="amd64"/>
    <property name="sun.jnu.encoding" value="Cp1252"/>
    <property name="java.class.path" value="D:\MyFiles\Testing\API_Programs\NopCommerceWebSite_BDDCucumberProject\target\test-classes;D:\MyFiles\Testing\API_Programs\NopCommerceWebSite_BDDCucumberProject\target\classes;C:\Users\HP\.m2\repository\junit\junit\4.12\junit-4.12.jar;C:\Users\HP\.m2\repository\io\cucumber\cucumber-core\4.4.0\cucumber-core-4.4.0.jar;C:\Users\HP\.m2\repository\io\cucumber\tag-expressions\1.1.1\tag-expressions-1.1.1.jar;C:\Users\HP\.m2\repository\io\cucumber\cucumber-expressions\7.0.2\cucumber-expressions-7.0.2.jar;C:\Users\HP\.m2\repository\io\cucumber\datatable\1.1.14\datatable-1.1.14.jar;C:\Users\HP\.m2\repository\io\cucumber\datatable-dependencies\1.1.14\datatable-dependencies-1.1.14.jar;C:\Users\HP\.m2\repository\io\cucumber\cucumber-html\0.2.7\cucumber-html-0.2.7.jar;C:\Users\HP\.m2\repository\net\sourceforge\cobertura\cobertura\2.1.1\cobertura-2.1.1.jar;C:\Users\HP\.m2\repository\org\ow2\asm\asm\5.0.1\asm-5.0.1.jar;C:\Users\HP\.m2\repository\org\ow2\asm\asm-tree\5.0.1\asm-tree-5.0.1.jar;C:\Users\HP\.m2\repository\org\ow2\asm\asm-commons\5.0.1\asm-commons-5.0.1.jar;C:\Users\HP\.m2\repository\org\ow2\asm\asm-util\5.0.1\asm-util-5.0.1.jar;C:\Users\HP\.m2\repository\org\ow2\asm\asm-analysis\5.0.1\asm-analysis-5.0.1.jar;C:\Users\HP\.m2\repository\oro\oro\2.0.8\oro-2.0.8.jar;C:\Users\HP\.m2\repository\jaxen\jaxen\1.1.4\jaxen-1.1.4.jar;C:\Users\HP\.m2\repository\org\apache\ant\ant\1.8.3\ant-1.8.3.jar;C:\Users\HP\.m2\repository\org\apache\ant\ant-launcher\1.8.3\ant-launcher-1.8.3.jar;C:\Users\HP\.m2\repository\org\apache\ant\ant-junit\1.8.3\ant-junit-1.8.3.jar;C:\Users\HP\.m2\repository\org\mortbay\jetty\servlet-api-2.5\6.1.14\servlet-api-2.5-6.1.14.jar;C:\Users\HP\.m2\repository\org\mortbay\jetty\jetty\6.1.14\jetty-6.1.14.jar;C:\Users\HP\.m2\repository\org\mortbay\jetty\jetty-util\6.1.14\jetty-util-6.1.14.jar;C:\Users\HP\.m2\repository\org\slf4j\slf4j-api\1.7.5\slf4j-api-1.7.5.jar;C:\Users\HP\.m2\repository\ch\qos\logback\logback-classic\1.0.13\logback-classic-1.0.13.jar;C:\Users\HP\.m2\repository\ch\qos\logback\logback-core\1.0.13\logback-core-1.0.13.jar;C:\Users\HP\.m2\repository\org\apache\commons\commons-lang3\3.3.2\commons-lang3-3.3.2.jar;C:\Users\HP\.m2\repository\io\cucumber\cucumber-java\4.4.0\cucumber-java-4.4.0.jar;C:\Users\HP\.m2\repository\io\cucumber\cucumber-junit\4.4.0\cucumber-junit-4.4.0.jar;C:\Users\HP\.m2\repository\io\cucumber\cucumber-jvm-deps\1.0.6\cucumber-jvm-deps-1.0.6.jar;C:\Users\HP\.m2\repository\net\masterthought\cucumber-reporting\4.7.0\cucumber-reporting-4.7.0.jar;C:\Users\HP\.m2\repository\com\fasterxml\jackson\core\jackson-databind\2.9.8\jackson-databind-2.9.8.jar;C:\Users\HP\.m2\repository\com\fasterxml\jackson\core\jackson-annotations\2.9.0\jackson-annotations-2.9.0.jar;C:\Users\HP\.m2\repository\com\fasterxml\jackson\core\jackson-core\2.9.8\jackson-core-2.9.8.jar;C:\Users\HP\.m2\repository\org\apache\velocity\velocity\1.7\velocity-1.7.jar;C:\Users\HP\.m2\repository\commons-collections\commons-collections\3.2.1\commons-collections-3.2.1.jar;C:\Users\HP\.m2\repository\commons-lang\commons-lang\2.4\commons-lang-2.4.jar;C:\Users\HP\.m2\repository\velocity-tools\velocity-tools\1.4\velocity-tools-1.4.jar;C:\Users\HP\.m2\repository\joda-time\joda-time\2.10.1\joda-time-2.10.1.jar;C:\Users\HP\.m2\repository\commons-io\commons-io\2.6\commons-io-2.6.jar;C:\Users\HP\.m2\repository\org\codehaus\plexus\plexus-utils\3.1.1\plexus-utils-3.1.1.jar;C:\Users\HP\.m2\repository\org\jsoup\jsoup\1.11.3\jsoup-1.11.3.jar;C:\Users\HP\.m2\repository\com\googlecode\owasp-java-html-sanitizer\owasp-java-html-sanitizer\20190325.1\owasp-java-html-sanitizer-20190325.1.jar;C:\Users\HP\.m2\repository\commons-configuration\commons-configuration\1.10\commons-configuration-1.10.jar;C:\Users\HP\.m2\repository\commons-logging\commons-logging\1.1.1\commons-logging-1.1.1.jar;C:\Users\HP\.m2\repository\org\hamcrest\hamcrest-core\2.1\hamcrest-core-2.1.jar;C:\Users\HP\.m2\repository\org\hamcrest\hamcrest\2.1\hamcrest-2.1.jar;C:\Users\HP\.m2\repository\io\cucumber\gherkin\5.1.0\gherkin-5.1.0.jar;C:\Users\HP\.m2\repository\io\cucumber\gherkin-jvm-deps\1.0.4\gherkin-jvm-deps-1.0.4.jar;C:\Users\HP\.m2\repository\org\seleniumhq\selenium\selenium-java\3.141.59\selenium-java-3.141.59.jar;C:\Users\HP\.m2\repository\org\seleniumhq\selenium\selenium-api\3.141.59\selenium-api-3.141.59.jar;C:\Users\HP\.m2\repository\org\seleniumhq\selenium\selenium-chrome-driver\3.141.59\selenium-chrome-driver-3.141.59.jar;C:\Users\HP\.m2\repository\org\seleniumhq\selenium\selenium-edge-driver\3.141.59\selenium-edge-driver-3.141.59.jar;C:\Users\HP\.m2\repository\org\seleniumhq\selenium\selenium-firefox-driver\3.141.59\selenium-firefox-driver-3.141.59.jar;C:\Users\HP\.m2\repository\org\seleniumhq\selenium\selenium-ie-driver\3.141.59\selenium-ie-driver-3.141.59.jar;C:\Users\HP\.m2\repository\org\seleniumhq\selenium\selenium-opera-driver\3.141.59\selenium-opera-driver-3.141.59.jar;C:\Users\HP\.m2\repository\org\seleniumhq\selenium\selenium-remote-driver\3.141.59\selenium-remote-driver-3.141.59.jar;C:\Users\HP\.m2\repository\org\seleniumhq\selenium\selenium-safari-driver\3.141.59\selenium-safari-driver-3.141.59.jar;C:\Users\HP\.m2\repository\org\seleniumhq\selenium\selenium-support\3.141.59\selenium-support-3.141.59.jar;C:\Users\HP\.m2\repository\net\bytebuddy\byte-buddy\1.8.15\byte-buddy-1.8.15.jar;C:\Users\HP\.m2\repository\org\apache\commons\commons-exec\1.3\commons-exec-1.3.jar;C:\Users\HP\.m2\repository\com\google\guava\guava\25.0-jre\guava-25.0-jre.jar;C:\Users\HP\.m2\repository\com\google\code\findbugs\jsr305\1.3.9\jsr305-1.3.9.jar;C:\Users\HP\.m2\repository\org\checkerframework\checker-compat-qual\2.0.0\checker-compat-qual-2.0.0.jar;C:\Users\HP\.m2\repository\com\google\errorprone\error_prone_annotations\2.1.3\error_prone_annotations-2.1.3.jar;C:\Users\HP\.m2\repository\com\google\j2objc\j2objc-annotations\1.1\j2objc-annotations-1.1.jar;C:\Users\HP\.m2\repository\org\codehaus\mojo\animal-sniffer-annotations\1.14\animal-sniffer-annotations-1.14.jar;C:\Users\HP\.m2\repository\com\squareup\okhttp3\okhttp\3.11.0\okhttp-3.11.0.jar;C:\Users\HP\.m2\repository\com\squareup\okio\okio\1.14.0\okio-1.14.0.jar;C:\Users\HP\.m2\repository\log4j\log4j\1.2.17\log4j-1.2.17.jar;D:\MyFiles\Testing\Softwars\tools-1.5.0.jar;C:\Users\HP\.m2\repository\org\apache\logging\log4j\log4j-api\2.23.1\log4j-api-2.23.1.jar;"/>
    <property name="java.vm.vendor" value="Eclipse Adoptium"/>
    <property name="sun.arch.data.model" value="64"/>
    <property name="user.variant" value=""/>
    <property name="java.vendor.url" value="https://adoptium.net/"/>
    <property name="user.timezone" value="Asia/Calcutta"/>
    <property name="os.name" value="Windows 10"/>
    <property name="java.vm.specification.version" value="17"/>
    <property name="sun.java.launcher" value="SUN_STANDARD"/>
    <property name="user.country" value="US"/>
    <property name="sun.boot.library.path" value="C:\Users\HP\.p2\pool\plugins\org.eclipse.justj.openjdk.hotspot.jre.full.win32.x86_64_17.0.10.v20240120-1143\jre\bin"/>
    <property name="sun.java.command" value="C:\Users\HP\AppData\Local\Temp\surefire5821225777690704394\surefirebooter-20240316155020557_3.jar C:\Users\HP\AppData\Local\Temp\surefire5821225777690704394 2024-03-16T15-50-20_191-jvmRun1 surefire-20240316155020557_1tmp surefire_0-20240316155020557_2tmp"/>
    <property name="jdk.debug" value="release"/>
    <property name="surefire.test.class.path" value="D:\MyFiles\Testing\API_Programs\NopCommerceWebSite_BDDCucumberProject\target\test-classes;D:\MyFiles\Testing\API_Programs\NopCommerceWebSite_BDDCucumberProject\target\classes;C:\Users\HP\.m2\repository\junit\junit\4.12\junit-4.12.jar;C:\Users\HP\.m2\repository\io\cucumber\cucumber-core\4.4.0\cucumber-core-4.4.0.jar;C:\Users\HP\.m2\repository\io\cucumber\tag-expressions\1.1.1\tag-expressions-1.1.1.jar;C:\Users\HP\.m2\repository\io\cucumber\cucumber-expressions\7.0.2\cucumber-expressions-7.0.2.jar;C:\Users\HP\.m2\repository\io\cucumber\datatable\1.1.14\datatable-1.1.14.jar;C:\Users\HP\.m2\repository\io\cucumber\datatable-dependencies\1.1.14\datatable-dependencies-1.1.14.jar;C:\Users\HP\.m2\repository\io\cucumber\cucumber-html\0.2.7\cucumber-html-0.2.7.jar;C:\Users\HP\.m2\repository\net\sourceforge\cobertura\cobertura\2.1.1\cobertura-2.1.1.jar;C:\Users\HP\.m2\repository\org\ow2\asm\asm\5.0.1\asm-5.0.1.jar;C:\Users\HP\.m2\repository\org\ow2\asm\asm-tree\5.0.1\asm-tree-5.0.1.jar;C:\Users\HP\.m2\repository\org\ow2\asm\asm-commons\5.0.1\asm-commons-5.0.1.jar;C:\Users\HP\.m2\repository\org\ow2\asm\asm-util\5.0.1\asm-util-5.0.1.jar;C:\Users\HP\.m2\repository\org\ow2\asm\asm-analysis\5.0.1\asm-analysis-5.0.1.jar;C:\Users\HP\.m2\repository\oro\oro\2.0.8\oro-2.0.8.jar;C:\Users\HP\.m2\repository\jaxen\jaxen\1.1.4\jaxen-1.1.4.jar;C:\Users\HP\.m2\repository\org\apache\ant\ant\1.8.3\ant-1.8.3.jar;C:\Users\HP\.m2\repository\org\apache\ant\ant-launcher\1.8.3\ant-launcher-1.8.3.jar;C:\Users\HP\.m2\repository\org\apache\ant\ant-junit\1.8.3\ant-junit-1.8.3.jar;C:\Users\HP\.m2\repository\org\mortbay\jetty\servlet-api-2.5\6.1.14\servlet-api-2.5-6.1.14.jar;C:\Users\HP\.m2\repository\org\mortbay\jetty\jetty\6.1.14\jetty-6.1.14.jar;C:\Users\HP\.m2\repository\org\mortbay\jetty\jetty-util\6.1.14\jetty-util-6.1.14.jar;C:\Users\HP\.m2\repository\org\slf4j\slf4j-api\1.7.5\slf4j-api-1.7.5.jar;C:\Users\HP\.m2\repository\ch\qos\logback\logback-classic\1.0.13\logback-classic-1.0.13.jar;C:\Users\HP\.m2\repository\ch\qos\logback\logback-core\1.0.13\logback-core-1.0.13.jar;C:\Users\HP\.m2\repository\org\apache\commons\commons-lang3\3.3.2\commons-lang3-3.3.2.jar;C:\Users\HP\.m2\repository\io\cucumber\cucumber-java\4.4.0\cucumber-java-4.4.0.jar;C:\Users\HP\.m2\repository\io\cucumber\cucumber-junit\4.4.0\cucumber-junit-4.4.0.jar;C:\Users\HP\.m2\repository\io\cucumber\cucumber-jvm-deps\1.0.6\cucumber-jvm-deps-1.0.6.jar;C:\Users\HP\.m2\repository\net\masterthought\cucumber-reporting\4.7.0\cucumber-reporting-4.7.0.jar;C:\Users\HP\.m2\repository\com\fasterxml\jackson\core\jackson-databind\2.9.8\jackson-databind-2.9.8.jar;C:\Users\HP\.m2\repository\com\fasterxml\jackson\core\jackson-annotations\2.9.0\jackson-annotations-2.9.0.jar;C:\Users\HP\.m2\repository\com\fasterxml\jackson\core\jackson-core\2.9.8\jackson-core-2.9.8.jar;C:\Users\HP\.m2\repository\org\apache\velocity\velocity\1.7\velocity-1.7.jar;C:\Users\HP\.m2\repository\commons-collections\commons-collections\3.2.1\commons-collections-3.2.1.jar;C:\Users\HP\.m2\repository\commons-lang\commons-lang\2.4\commons-lang-2.4.jar;C:\Users\HP\.m2\repository\velocity-tools\velocity-tools\1.4\velocity-tools-1.4.jar;C:\Users\HP\.m2\repository\joda-time\joda-time\2.10.1\joda-time-2.10.1.jar;C:\Users\HP\.m2\repository\commons-io\commons-io\2.6\commons-io-2.6.jar;C:\Users\HP\.m2\repository\org\codehaus\plexus\plexus-utils\3.1.1\plexus-utils-3.1.1.jar;C:\Users\HP\.m2\repository\org\jsoup\jsoup\1.11.3\jsoup-1.11.3.jar;C:\Users\HP\.m2\repository\com\googlecode\owasp-java-html-sanitizer\owasp-java-html-sanitizer\20190325.1\owasp-java-html-sanitizer-20190325.1.jar;C:\Users\HP\.m2\repository\commons-configuration\commons-configuration\1.10\commons-configuration-1.10.jar;C:\Users\HP\.m2\repository\commons-logging\commons-logging\1.1.1\commons-logging-1.1.1.jar;C:\Users\HP\.m2\repository\org\hamcrest\hamcrest-core\2.1\hamcrest-core-2.1.jar;C:\Users\HP\.m2\repository\org\hamcrest\hamcrest\2.1\hamcrest-2.1.jar;C:\Users\HP\.m2\repository\io\cucumber\gherkin\5.1.0\gherkin-5.1.0.jar;C:\Users\HP\.m2\repository\io\cucumber\gherkin-jvm-deps\1.0.4\gherkin-jvm-deps-1.0.4.jar;C:\Users\HP\.m2\repository\org\seleniumhq\selenium\selenium-java\3.141.59\selenium-java-3.141.59.jar;C:\Users\HP\.m2\repository\org\seleniumhq\selenium\selenium-api\3.141.59\selenium-api-3.141.59.jar;C:\Users\HP\.m2\repository\org\seleniumhq\selenium\selenium-chrome-driver\3.141.59\selenium-chrome-driver-3.141.59.jar;C:\Users\HP\.m2\repository\org\seleniumhq\selenium\selenium-edge-driver\3.141.59\selenium-edge-driver-3.141.59.jar;C:\Users\HP\.m2\repository\org\seleniumhq\selenium\selenium-firefox-driver\3.141.59\selenium-firefox-driver-3.141.59.jar;C:\Users\HP\.m2\repository\org\seleniumhq\selenium\selenium-ie-driver\3.141.59\selenium-ie-driver-3.141.59.jar;C:\Users\HP\.m2\repository\org\seleniumhq\selenium\selenium-opera-driver\3.141.59\selenium-opera-driver-3.141.59.jar;C:\Users\HP\.m2\repository\org\seleniumhq\selenium\selenium-remote-driver\3.141.59\selenium-remote-driver-3.141.59.jar;C:\Users\HP\.m2\repository\org\seleniumhq\selenium\selenium-safari-driver\3.141.59\selenium-safari-driver-3.141.59.jar;C:\Users\HP\.m2\repository\org\seleniumhq\selenium\selenium-support\3.141.59\selenium-support-3.141.59.jar;C:\Users\HP\.m2\repository\net\bytebuddy\byte-buddy\1.8.15\byte-buddy-1.8.15.jar;C:\Users\HP\.m2\repository\org\apache\commons\commons-exec\1.3\commons-exec-1.3.jar;C:\Users\HP\.m2\repository\com\google\guava\guava\25.0-jre\guava-25.0-jre.jar;C:\Users\HP\.m2\repository\com\google\code\findbugs\jsr305\1.3.9\jsr305-1.3.9.jar;C:\Users\HP\.m2\repository\org\checkerframework\checker-compat-qual\2.0.0\checker-compat-qual-2.0.0.jar;C:\Users\HP\.m2\repository\com\google\errorprone\error_prone_annotations\2.1.3\error_prone_annotations-2.1.3.jar;C:\Users\HP\.m2\repository\com\google\j2objc\j2objc-annotations\1.1\j2objc-annotations-1.1.jar;C:\Users\HP\.m2\repository\org\codehaus\mojo\animal-sniffer-annotations\1.14\animal-sniffer-annotations-1.14.jar;C:\Users\HP\.m2\repository\com\squareup\okhttp3\okhttp\3.11.0\okhttp-3.11.0.jar;C:\Users\HP\.m2\repository\com\squareup\okio\okio\1.14.0\okio-1.14.0.jar;C:\Users\HP\.m2\repository\log4j\log4j\1.2.17\log4j-1.2.17.jar;D:\MyFiles\Testing\Softwars\tools-1.5.0.jar;C:\Users\HP\.m2\repository\org\apache\logging\log4j\log4j-api\2.23.1\log4j-api-2.23.1.jar;"/>
    <property name="sun.cpu.endian" value="little"/>
    <property name="user.home" value="C:\Users\HP"/>
    <property name="user.language" value="en"/>
    <property name="java.specification.vendor" value="Oracle Corporation"/>
    <property name="java.version.date" value="2024-01-16"/>
    <property name="java.home" value="C:\Users\HP\.p2\pool\plugins\org.eclipse.justj.openjdk.hotspot.jre.full.win32.x86_64_17.0.10.v20240120-1143\jre"/>
    <property name="file.separator" value="\"/>
    <property name="style.color" value="always"/>
    <property name="basedir" value="D:\MyFiles\Testing\API_Programs\NopCommerceWebSite_BDDCucumberProject"/>
    <property name="java.vm.compressedOopsMode" value="Zero based"/>
    <property name="line.separator" value="&#10;"/>
    <property name="java.vm.specification.vendor" value="Oracle Corporation"/>
    <property name="java.specification.name" value="Java Platform API Specification"/>
    <property name="surefire.real.class.path" value="C:\Users\HP\AppData\Local\Temp\surefire5821225777690704394\surefirebooter-20240316155020557_3.jar"/>
    <property name="user.script" value=""/>
    <property name="sun.management.compiler" value="HotSpot 64-Bit Tiered Compilers"/>
    <property name="java.runtime.version" value="17.0.10+7"/>
    <property name="user.name" value="HP"/>
    <property name="path.separator" value=";"/>
    <property name="os.version" value="10.0"/>
    <property name="java.runtime.name" value="OpenJDK Runtime Environment"/>
    <property name="file.encoding" value="Cp1252"/>
    <property name="java.vm.name" value="OpenJDK 64-Bit Server VM"/>
    <property name="java.vendor.version" value="Temurin-17.0.10+7"/>
    <property name="localRepository" value="C:\Users\HP\.m2\repository"/>
    <property name="java.vendor.url.bug" value="https://github.com/adoptium/adoptium-support/issues"/>
    <property name="java.io.tmpdir" value="C:\Users\HP\AppData\Local\Temp\"/>
    <property name="java.version" value="17.0.10"/>
    <property name="user.dir" value="D:\MyFiles\Testing\API_Programs\NopCommerceWebSite_BDDCucumberProject"/>
    <property name="os.arch" value="amd64"/>
    <property name="java.vm.specification.name" value="Java Virtual Machine Specification"/>
    <property name="sun.os.patch.level" value=""/>
    <property name="native.encoding" value="Cp1252"/>
    <property name="java.library.path" value="C:\Users\HP\.p2\pool\plugins\org.eclipse.justj.openjdk.hotspot.jre.full.win32.x86_64_17.0.10.v20240120-1143\jre\bin;C:\Windows\Sun\Java\bin;C:\Windows\system32;C:\Windows;C:/Users/HP/.p2/pool/plugins/org.eclipse.justj.openjdk.hotspot.jre.full.win32.x86_64_17.0.10.v20240120-1143/jre/bin/server;C:/Users/HP/.p2/pool/plugins/org.eclipse.justj.openjdk.hotspot.jre.full.win32.x86_64_17.0.10.v20240120-1143/jre/bin;C:\Python312\Scripts\;C:\Python312\;C:\Windows\system32;C:\Windows;C:\Windows\System32\Wbem;C:\Windows\System32\WindowsPowerShell\v1.0\;C:\Windows\System32\OpenSSH\;C:\Program Files\PuTTY\;C:\Program Files\Git\cmd;C:\Tools_Bin;C:\Tools_Bin\helm;C:\Tools_Bin\helm\helmfile;C:\Tools_Bin\prometheus-2.45.2.windows-amd64;C:\Program Files\Docker\Docker\resources\bin;C:\Program Files\Amazon\AWSCLIV2\;C:\Program Files\nodejs\;C:\ProgramData\chocolatey\bin;C:\Users\HP\anaconda3;C:\Users\HP\anaconda3\Library\mingw-w64\bin;C:\Users\HP\anaconda3\Library\usr\bin;C:\Users\HP\anaconda3\Library\bin;C:\Users\HP\anaconda3\Scripts;C:\Users\HP\AppData\Local\Microsoft\WindowsApps;C:\Tools_Bin;C:\Users\HP\AppData\Local\Programs\Microsoft VS Code\bin;C:\Tools_Bin\helm;C:\Tools_Bin\helm\helmfile;C:\Tools_Bin\prometheus-2.45.2.windows-amd64;C:\Users\HP\AppData\Roaming\npm;;C:\Users\HP\Desktop;;."/>
    <property name="java.vm.info" value="mixed mode"/>
    <property name="java.vendor" value="Eclipse Adoptium"/>
    <property name="java.vm.version" value="17.0.10+7"/>
    <property name="sun.io.unicode.encoding" value="UnicodeLittle"/>
    <property name="java.class.version" value="61.0"/>
  </properties>
  <testcase name="Create New Valid Customer" classname="Customers Module" time="42.923">
    <system-out><![CDATA[Feature: Customers Module

  Background: Below are the common steps for each customer scenario                  # src/test/resources/Features/Customers1.feature:3
    Given User Launch Chrome Browser                                                 # Steps.user_Launch_Chrome_Browser()
03-16-2024 15:50:25 Steps.java INFO  [main] nopCommerce 52 - ************* Launching Test-Site Url *****************
    When User opens "https://admin-demo.nopcommerce.com/login?ReturnUrl=%2Fadmin%2F" # Steps.user_opens(String)
03-16-2024 15:50:29 Steps.java INFO  [main] nopCommerce 82 - ************* Validating Page Title *****************
    Then Page Title Should be "Your store. Login"                                    # Steps.page_Title_Should_be(String)
03-16-2024 15:50:29 Steps.java INFO  [main] nopCommerce 60 - ************* Sending Email Id & Password *****************
    And User sends Email as "admin@yourstore.com" & password as "admin"              # Steps.user_sends_Email_as_password_as(String,String)
03-16-2024 15:50:32 Steps.java INFO  [main] nopCommerce 68 - ************* Logging In *****************
    And Click on Login                                                               # Steps.click_on_Login()
03-16-2024 15:50:48 Steps.java INFO  [main] nopCommerce 82 - ************* Validating Page Title *****************
    Then Page Title Should be "Dashboard / nopCommerce administration"               # Steps.page_Title_Should_be(String)
    And Click on Customers Menu                                                      # Steps.click_on_Customers_Menu()
03-16-2024 15:50:48 Steps.java INFO  [main] nopCommerce 109 - ************* Navigated on Customer Page *****************
    And Click on Customers Sub-Menu                                                  # Steps.click_on_Customers_Sub_Menu()

  @smoke @regression
  Scenario: Create New Valid Customer                                                       # src/test/resources/Features/Customers1.feature:14
03-16-2024 15:50:53 Steps.java INFO  [main] nopCommerce 115 - ************* Navigated to Add New Customer Page *****************
    Then Click on Add new button                                                            # Steps.click_on_Add_new_button()
03-16-2024 15:50:55 Steps.java INFO  [main] nopCommerce 82 - ************* Validating Page Title *****************
    Then Page Title Should be "Add a new customer / nopCommerce administration"             # Steps.page_Title_Should_be(String)
03-16-2024 15:50:57 Steps.java INFO  [main] nopCommerce 122 - ************* Filling New Customer Details *****************
    And Provide the Customer info                                                           # Steps.provide_the_Customer_info_like()
03-16-2024 15:51:00 Steps.java INFO  [main] nopCommerce 137 - ************* Saving New Customer Details *****************
    Then Click on Save button                                                               # Steps.click_on_Save_button()
03-16-2024 15:51:01 Steps.java INFO  [main] nopCommerce 143 - ************* New Customer Created Successfully *****************
    Then User can view confirmation message "The new customer has been added successfully." # Steps.user_can_view_confirmation_message(String)
03-16-2024 15:51:02 Steps.java INFO  [main] nopCommerce 96 - ************* Closing Browser *****************
    Then close browser                                                                      # Steps.close_browser()
]]></system-out>
    <system-err><![CDATA[Mar 16, 2024 3:50:22 PM cucumber.runtime.java.ObjectFactoryLoader loadSingleObjectFactory
WARNING: Use deprecated reflections to load ObjectFactory.
Starting ChromeDriver 121.0.6167.85 (3f98d690ad7e59242ef110144c757b2ac4eef1a2-refs/branch-heads/6167@{#1539}) on port 6589
Only local connections are allowed.
Please see https://chromedriver.chromium.org/security-considerations for suggestions on keeping ChromeDriver safe.
ChromeDriver was started successfully.
[1710584424.761][WARNING]: This version of ChromeDriver has not been tested with Chrome version 122.
Mar 16, 2024 3:50:25 PM org.openqa.selenium.remote.ProtocolHandshake createSession
INFO: Detected dialect: W3C
]]></system-err>
  </testcase>
  <testcase name="Search Customer using Email Id" classname="Customers Module" time="38.438">
    <system-out><![CDATA[
  Background: Below are the common steps for each customer scenario                  # src/test/resources/Features/Customers1.feature:3
    Given User Launch Chrome Browser                                                 # Steps.user_Launch_Chrome_Browser()
03-16-2024 15:51:06 Steps.java INFO  [main] nopCommerce 52 - ************* Launching Test-Site Url *****************
    When User opens "https://admin-demo.nopcommerce.com/login?ReturnUrl=%2Fadmin%2F" # Steps.user_opens(String)
03-16-2024 15:51:11 Steps.java INFO  [main] nopCommerce 82 - ************* Validating Page Title *****************
    Then Page Title Should be "Your store. Login"                                    # Steps.page_Title_Should_be(String)
03-16-2024 15:51:11 Steps.java INFO  [main] nopCommerce 60 - ************* Sending Email Id & Password *****************
    And User sends Email as "admin@yourstore.com" & password as "admin"              # Steps.user_sends_Email_as_password_as(String,String)
03-16-2024 15:51:13 Steps.java INFO  [main] nopCommerce 68 - ************* Logging In *****************
    And Click on Login                                                               # Steps.click_on_Login()
03-16-2024 15:51:33 Steps.java INFO  [main] nopCommerce 82 - ************* Validating Page Title *****************
    Then Page Title Should be "Dashboard / nopCommerce administration"               # Steps.page_Title_Should_be(String)
    And Click on Customers Menu                                                      # Steps.click_on_Customers_Menu()
03-16-2024 15:51:33 Steps.java INFO  [main] nopCommerce 109 - ************* Navigated on Customer Page *****************
    And Click on Customers Sub-Menu                                                  # Steps.click_on_Customers_Sub_Menu()

  @regression
  Scenario: Search Customer using Email Id                   # src/test/resources/Features/Customers1.feature:23
03-16-2024 15:51:37 Steps.java INFO  [main] nopCommerce 150 - ************* Searching customer via Email Id *****************
    Then Enter the Email Address                             # Steps.enter_the_Email_Address()
03-16-2024 15:51:38 Steps.java INFO  [main] nopCommerce 157 - ************* Clicked on Search Button *****************
    And Click on Search button                               # Steps.click_on_Search_button()
03-16-2024 15:51:40 Steps.java INFO  [main] nopCommerce 163 - ************* Validating Search Customer through Email Id *****************
    Then Validate the Specific Email Id is getting reflected # Steps.validate_the_Specific_Email_Id_is_getting_reflected()
03-16-2024 15:51:41 Steps.java INFO  [main] nopCommerce 96 - ************* Closing Browser *****************
    Then close browser                                       # Steps.close_browser()
]]></system-out>
    <system-err><![CDATA[Starting ChromeDriver 121.0.6167.85 (3f98d690ad7e59242ef110144c757b2ac4eef1a2-refs/branch-heads/6167@{#1539}) on port 30006
Only local connections are allowed.
Please see https://chromedriver.chromium.org/security-considerations for suggestions on keeping ChromeDriver safe.
ChromeDriver was started successfully.
[1710584466.356][WARNING]: This version of ChromeDriver has not been tested with Chrome version 122.
Mar 16, 2024 3:51:06 PM org.openqa.selenium.remote.ProtocolHandshake createSession
INFO: Detected dialect: W3C
]]></system-err>
  </testcase>
  <testcase name="Search Customer using Firstname &amp; Lastname" classname="Customers Module" time="32.1">
    <system-out><![CDATA[
  Background: Below are the common steps for each customer scenario                  # src/test/resources/Features/Customers1.feature:3
    Given User Launch Chrome Browser                                                 # Steps.user_Launch_Chrome_Browser()
03-16-2024 15:51:45 Steps.java INFO  [main] nopCommerce 52 - ************* Launching Test-Site Url *****************
    When User opens "https://admin-demo.nopcommerce.com/login?ReturnUrl=%2Fadmin%2F" # Steps.user_opens(String)
03-16-2024 15:51:49 Steps.java INFO  [main] nopCommerce 82 - ************* Validating Page Title *****************
    Then Page Title Should be "Your store. Login"                                    # Steps.page_Title_Should_be(String)
03-16-2024 15:51:49 Steps.java INFO  [main] nopCommerce 60 - ************* Sending Email Id & Password *****************
    And User sends Email as "admin@yourstore.com" & password as "admin"              # Steps.user_sends_Email_as_password_as(String,String)
03-16-2024 15:51:52 Steps.java INFO  [main] nopCommerce 68 - ************* Logging In *****************
    And Click on Login                                                               # Steps.click_on_Login()
03-16-2024 15:52:05 Steps.java INFO  [main] nopCommerce 82 - ************* Validating Page Title *****************
    Then Page Title Should be "Dashboard / nopCommerce administration"               # Steps.page_Title_Should_be(String)
    And Click on Customers Menu                                                      # Steps.click_on_Customers_Menu()
03-16-2024 15:52:05 Steps.java INFO  [main] nopCommerce 109 - ************* Navigated on Customer Page *****************
    And Click on Customers Sub-Menu                                                  # Steps.click_on_Customers_Sub_Menu()

  @regression
  Scenario: Search Customer using Firstname & Lastname                      # src/test/resources/Features/Customers1.feature:30
03-16-2024 15:52:09 Steps.java INFO  [main] nopCommerce 169 - ************* Searching customer via FirstName & LastName *****************
    Then Enter the Firstname & Lastname                                     # Steps.enter_the_Firstname_Lastname()
03-16-2024 15:52:10 Steps.java INFO  [main] nopCommerce 157 - ************* Clicked on Search Button *****************
    And Click on Search button                                              # Steps.click_on_Search_button()
03-16-2024 15:52:13 Steps.java INFO  [main] nopCommerce 176 - ************* Validating Search Customer through FirstName & LastName *****************
    Then Validate the Specific Firstname & Lastname Id is getting reflected # Steps.validate_the_Specific_Firstname_Lastname_Id_is_getting_reflected()
03-16-2024 15:52:13 Steps.java INFO  [main] nopCommerce 96 - ************* Closing Browser *****************
    Then close browser                                                      # Steps.close_browser()
]]></system-out>
    <system-err><![CDATA[Starting ChromeDriver 121.0.6167.85 (3f98d690ad7e59242ef110144c757b2ac4eef1a2-refs/branch-heads/6167@{#1539}) on port 29165
Only local connections are allowed.
Please see https://chromedriver.chromium.org/security-considerations for suggestions on keeping ChromeDriver safe.
ChromeDriver was started successfully.
[1710584504.949][WARNING]: This version of ChromeDriver has not been tested with Chrome version 122.
Mar 16, 2024 3:51:45 PM org.openqa.selenium.remote.ProtocolHandshake createSession
INFO: Detected dialect: W3C
]]></system-err>
  </testcase>
  <testcase name="Successful Login with valid credentials" classname="Login Module" time="33.321">
    <system-out><![CDATA[
Feature: Login Module

  @smoke @regression
  Scenario: Successful Login with valid credentials                                  # src/test/resources/Features/Login1.feature:4
    Given User Launch Chrome Browser                                                 # Steps.user_Launch_Chrome_Browser()
03-16-2024 15:52:17 Steps.java INFO  [main] nopCommerce 52 - ************* Launching Test-Site Url *****************
    When User opens "https://admin-demo.nopcommerce.com/login?ReturnUrl=%2Fadmin%2F" # Steps.user_opens(String)
03-16-2024 15:52:21 Steps.java INFO  [main] nopCommerce 82 - ************* Validating Page Title *****************
    Then Page Title Should be "Your store. Login"                                    # Steps.page_Title_Should_be(String)
03-16-2024 15:52:21 Steps.java INFO  [main] nopCommerce 60 - ************* Sending Email Id & Password *****************
    And User sends Email as "admin@yourstore.com" & password as "admin"              # Steps.user_sends_Email_as_password_as(String,String)
03-16-2024 15:52:24 Steps.java INFO  [main] nopCommerce 68 - ************* Logging In *****************
    And Click on Login                                                               # Steps.click_on_Login()
03-16-2024 15:52:44 Steps.java INFO  [main] nopCommerce 82 - ************* Validating Page Title *****************
    Then Page Title Should be "Dashboard / nopCommerce administration"               # Steps.page_Title_Should_be(String)
03-16-2024 15:52:44 Steps.java INFO  [main] nopCommerce 90 - ************* Logged Out Successfully *****************
    When User click on Logout link                                                   # Steps.user_cick_on_Logout_link()
03-16-2024 15:52:46 Steps.java INFO  [main] nopCommerce 82 - ************* Validating Page Title *****************
    Then Page Title Should be "Your store. Login"                                    # Steps.page_Title_Should_be(String)
03-16-2024 15:52:46 Steps.java INFO  [main] nopCommerce 96 - ************* Closing Browser *****************
    Then close browser                                                               # Steps.close_browser()
]]></system-out>
    <system-err><![CDATA[Starting ChromeDriver 121.0.6167.85 (3f98d690ad7e59242ef110144c757b2ac4eef1a2-refs/branch-heads/6167@{#1539}) on port 17397
Only local connections are allowed.
Please see https://chromedriver.chromium.org/security-considerations for suggestions on keeping ChromeDriver safe.
ChromeDriver was started successfully.
[1710584537.139][WARNING]: This version of ChromeDriver has not been tested with Chrome version 122.
Mar 16, 2024 3:52:17 PM org.openqa.selenium.remote.ProtocolHandshake createSession
INFO: Detected dialect: W3C
]]></system-err>
  </testcase>
  <testcase name="Login with Invalid credentials" classname="Login Module" time="17.338">
    <system-out><![CDATA[
  @regression
  Scenario Outline: Login with Invalid credentials # src/test/resources/Features/Login1.feature:16
    Given User Launch Chrome Browser
    When User opens "https://admin-demo.nopcommerce.com/login?ReturnUrl=%2Fadmin%2F"
    Then Page Title Should be "Your store. Login"
    And User sends Email as "<email>" & password as "<password>"
    And Click on Login
    Then Page Title Should be "Your store. Login"
    Then close browser

    Examples: 

  @regression
  Scenario Outline: Login with Invalid credentials                                   # src/test/resources/Features/Login1.feature:27
    Given User Launch Chrome Browser                                                 # Steps.user_Launch_Chrome_Browser()
03-16-2024 15:52:51 Steps.java INFO  [main] nopCommerce 52 - ************* Launching Test-Site Url *****************
    When User opens "https://admin-demo.nopcommerce.com/login?ReturnUrl=%2Fadmin%2F" # Steps.user_opens(String)
03-16-2024 15:52:56 Steps.java INFO  [main] nopCommerce 82 - ************* Validating Page Title *****************
    Then Page Title Should be "Your store. Login"                                    # Steps.page_Title_Should_be(String)
03-16-2024 15:52:56 Steps.java INFO  [main] nopCommerce 60 - ************* Sending Email Id & Password *****************
    And User sends Email as "admin1@yourstore.com" & password as "admin"             # Steps.user_sends_Email_as_password_as(String,String)
03-16-2024 15:52:59 Steps.java INFO  [main] nopCommerce 68 - ************* Logging In *****************
    And Click on Login                                                               # Steps.click_on_Login()
03-16-2024 15:53:04 Steps.java INFO  [main] nopCommerce 79 - ************* Display Invalid Login Message *****************
    Then Page Title Should be "Your store. Login"                                    # Steps.page_Title_Should_be(String)
03-16-2024 15:53:04 Steps.java INFO  [main] nopCommerce 96 - ************* Closing Browser *****************
    Then close browser                                                               # Steps.close_browser()
]]></system-out>
    <system-err><![CDATA[Starting ChromeDriver 121.0.6167.85 (3f98d690ad7e59242ef110144c757b2ac4eef1a2-refs/branch-heads/6167@{#1539}) on port 35556
Only local connections are allowed.
Please see https://chromedriver.chromium.org/security-considerations for suggestions on keeping ChromeDriver safe.
ChromeDriver was started successfully.
[1710584571.188][WARNING]: This version of ChromeDriver has not been tested with Chrome version 122.
Mar 16, 2024 3:52:51 PM org.openqa.selenium.remote.ProtocolHandshake createSession
INFO: Detected dialect: W3C
]]></system-err>
  </testcase>
  <testcase name="Login with Invalid credentials" classname="Login Module" time="16.394">
    <system-out><![CDATA[
  @regression
  Scenario Outline: Login with Invalid credentials                                   # src/test/resources/Features/Login1.feature:28
    Given User Launch Chrome Browser                                                 # Steps.user_Launch_Chrome_Browser()
03-16-2024 15:53:08 Steps.java INFO  [main] nopCommerce 52 - ************* Launching Test-Site Url *****************
    When User opens "https://admin-demo.nopcommerce.com/login?ReturnUrl=%2Fadmin%2F" # Steps.user_opens(String)
03-16-2024 15:53:12 Steps.java INFO  [main] nopCommerce 82 - ************* Validating Page Title *****************
    Then Page Title Should be "Your store. Login"                                    # Steps.page_Title_Should_be(String)
03-16-2024 15:53:12 Steps.java INFO  [main] nopCommerce 60 - ************* Sending Email Id & Password *****************
    And User sends Email as "admin@yourstore.com" & password as "admin123"           # Steps.user_sends_Email_as_password_as(String,String)
03-16-2024 15:53:15 Steps.java INFO  [main] nopCommerce 68 - ************* Logging In *****************
    And Click on Login                                                               # Steps.click_on_Login()
03-16-2024 15:53:20 Steps.java INFO  [main] nopCommerce 79 - ************* Display Invalid Login Message *****************
    Then Page Title Should be "Your store. Login"                                    # Steps.page_Title_Should_be(String)
03-16-2024 15:53:20 Steps.java INFO  [main] nopCommerce 96 - ************* Closing Browser *****************
    Then close browser                                                               # Steps.close_browser()
]]></system-out>
    <system-err><![CDATA[Starting ChromeDriver 121.0.6167.85 (3f98d690ad7e59242ef110144c757b2ac4eef1a2-refs/branch-heads/6167@{#1539}) on port 25704
Only local connections are allowed.
Please see https://chromedriver.chromium.org/security-considerations for suggestions on keeping ChromeDriver safe.
ChromeDriver was started successfully.
[1710584587.817][WARNING]: This version of ChromeDriver has not been tested with Chrome version 122.
Mar 16, 2024 3:53:08 PM org.openqa.selenium.remote.ProtocolHandshake createSession
INFO: Detected dialect: W3C
[1710584600.613][SEVERE]: Unable to receive message from renderer
]]></system-err>
  </testcase>
</testsuite>